<?xml version="1.0" encoding="UTF-8"?>
<!-- Generated by org.testng.reporters.JUnitXMLReporter -->
<testsuite ignored="0" hostname="LTIN480017" failures="0" tests="13" name="test" time="180.099" errors="0" timestamp="2024-02-27T22:30:25 IST">
  <testcase classname="testCases.TC001_SearchHomePage" name="searchHomePage" time="10.247"/>
  <testcase classname="testCases.TC002_WebDevelopmentPage" name="levelSelector" time="3.424"/>
  <testcase classname="testCases.TC002_WebDevelopmentPage" name="languageSelect" time="7.434"/>
  <testcase classname="testCases.TC002_WebDevelopmentPage" name="Result" time="2.069"/>
  <testcase classname="testCases.TC002_WebDevelopmentPage" name="deatilsFirstCard" time="1.285"/>
  <testcase classname="testCases.TC002_WebDevelopmentPage" name="Headings" time="10.038"/>
  <testcase classname="testCases.TC001_SearchHomePage" name="Search2" time="27.597"/>
  <testcase classname="testCases.TC003_LanguageLearning" name="displayLevels" time="0.334"/>
  <testcase classname="testCases.TC003_LanguageLearning" name="displayLanguages" time="9.49"/>
  <testcase classname="testCases.TC001_SearchHomePage" name="ThirdtimeHomepage" time="15.275"/>
  <testcase classname="testCases.TC004_BusinessCoursera" name="clickSolution" time="5.134"/>
  <testcase classname="testCases.TC004_BusinessCoursera" name="clickContactUs" time="6.205"/>
  <testcase classname="testCases.TC004_BusinessCoursera" name="details" time="14.001"/>
</testsuite> <!-- test -->
