<?xml version="1.0" encoding="UTF-8"?>
<!-- Generated by org.testng.reporters.JUnitXMLReporter -->
<testsuite ignored="0" hostname="LTIN188839" failures="0" tests="13" name="test" time="213.048" errors="0" timestamp="2024-02-09T12:53:33 IST">
  <testcase classname="testCases.TC001_SearchHomePage" name="searchHomePage" time="53.439"/>
  <testcase classname="testCases.TC002_WebDevelopmentPage" name="levelSelector" time="5.21"/>
  <testcase classname="testCases.TC002_WebDevelopmentPage" name="languageSelect" time="7.357"/>
  <testcase classname="testCases.TC002_WebDevelopmentPage" name="Result" time="2.121"/>
  <testcase classname="testCases.TC002_WebDevelopmentPage" name="deatilsFirstCard" time="6.675"/>
  <testcase classname="testCases.TC002_WebDevelopmentPage" name="Headings" time="10.869"/>
  <testcase classname="testCases.TC001_SearchHomePage" name="Search2" time="12.087"/>
  <testcase classname="testCases.TC003_LanguageLearning" name="displayLevels" time="2.148"/>
  <testcase classname="testCases.TC003_LanguageLearning" name="displayLanguages" time="22.612"/>
  <testcase classname="testCases.TC001_SearchHomePage" name="ThirdtimeHomepage" time="21.274"/>
  <testcase classname="testCases.TC004_BusinessCoursera" name="clickSolution" time="9.746"/>
  <testcase classname="testCases.TC004_BusinessCoursera" name="clickContactUs" time="9.142"/>
  <testcase classname="testCases.TC004_BusinessCoursera" name="details" time="10.421"/>
</testsuite> <!-- test -->
