<?xml version="1.0" encoding="UTF-8"?>
<!-- Generated by org.testng.reporters.JUnitXMLReporter -->
<testsuite ignored="0" hostname="LTIN188839" failures="0" tests="13" name="test2" time="0.262" errors="0" timestamp="2024-02-09T12:32:00 IST">
  <testcase classname="testCases.TC001_SearchHomePage" name="searchHomePage" time="0.001">
    <skipped/>
  </testcase> <!-- searchHomePage -->
  <testcase classname="testCases.TC002_WebDevelopmentPage" name="levelSelector" time="0.0">
    <skipped/>
  </testcase> <!-- levelSelector -->
  <testcase classname="testCases.TC002_WebDevelopmentPage" name="languageSelect" time="0.0">
    <skipped/>
  </testcase> <!-- languageSelect -->
  <testcase classname="testCases.TC002_WebDevelopmentPage" name="Result" time="0.0">
    <skipped/>
  </testcase> <!-- Result -->
  <testcase classname="testCases.TC002_WebDevelopmentPage" name="deatilsFirstCard" time="0.0">
    <skipped/>
  </testcase> <!-- deatilsFirstCard -->
  <testcase classname="testCases.TC002_WebDevelopmentPage" name="Headings" time="0.0">
    <skipped/>
  </testcase> <!-- Headings -->
  <testcase classname="testCases.TC001_SearchHomePage" name="Search2" time="0.0">
    <skipped/>
  </testcase> <!-- Search2 -->
  <testcase classname="testCases.TC003_LanguageLearning" name="displayLevels" time="0.0">
    <skipped/>
  </testcase> <!-- displayLevels -->
  <testcase classname="testCases.TC003_LanguageLearning" name="displayLanguages" time="0.0">
    <skipped/>
  </testcase> <!-- displayLanguages -->
  <testcase classname="testCases.TC001_SearchHomePage" name="ThirdtimeHomepage" time="0.0">
    <skipped/>
  </testcase> <!-- ThirdtimeHomepage -->
  <testcase classname="testCases.TC004_BusinessCoursera" name="clickSolution" time="0.0">
    <skipped/>
  </testcase> <!-- clickSolution -->
  <testcase classname="testCases.TC004_BusinessCoursera" name="clickContactUs" time="0.0">
    <skipped/>
  </testcase> <!-- clickContactUs -->
  <testcase classname="testCases.TC004_BusinessCoursera" name="details" time="0.0">
    <skipped/>
  </testcase> <!-- details -->
</testsuite> <!-- test2 -->
