<?xml version="1.0" encoding="UTF-8"?>
<!-- Generated by org.testng.reporters.JUnitXMLReporter -->
<testsuite ignored="0" hostname="LTIN188839" failures="0" tests="13" name="Test" time="196.569" errors="0" timestamp="2024-02-09T14:24:28 IST">
  <testcase classname="testCases.TC001_SearchHomePage" name="searchHomePage" time="11.163"/>
  <testcase classname="testCases.TC002_WebDevelopmentPage" name="levelSelector" time="3.851"/>
  <testcase classname="testCases.TC002_WebDevelopmentPage" name="languageSelect" time="6.944"/>
  <testcase classname="testCases.TC002_WebDevelopmentPage" name="Result" time="2.086"/>
  <testcase classname="testCases.TC002_WebDevelopmentPage" name="deatilsFirstCard" time="5.133"/>
  <testcase classname="testCases.TC002_WebDevelopmentPage" name="Headings" time="8.209"/>
  <testcase classname="testCases.TC001_SearchHomePage" name="Search2" time="9.091"/>
  <testcase classname="testCases.TC003_LanguageLearning" name="displayLevels" time="0.793"/>
  <testcase classname="testCases.TC003_LanguageLearning" name="displayLanguages" time="13.067"/>
  <testcase classname="testCases.TC001_SearchHomePage" name="ThirdtimeHomepage" time="19.844"/>
  <testcase classname="testCases.TC004_BusinessCoursera" name="clickSolution" time="9.113"/>
  <testcase classname="testCases.TC004_BusinessCoursera" name="clickContactUs" time="8.015"/>
  <testcase classname="testCases.TC004_BusinessCoursera" name="details" time="6.594"/>
</testsuite> <!-- Test -->
