<?xml version="1.0" encoding="UTF-8"?>
<testng-results ignored="0" total="13" passed="13" failed="0" skipped="0">
  <reporter-output>
  </reporter-output>
  <suite started-at="2024-02-27T22:24:12 IST" name="Suite" finished-at="2024-02-27T22:26:17 IST" duration-ms="125747">
    <groups>
      <group name="regression">
        <method signature="TC002_WebDevelopmentPage.levelSelector()[pri:2, instance:testCases.TC004_BusinessCoursera@478190fc]" name="levelSelector" class="testCases.TC002_WebDevelopmentPage"/>
        <method signature="TC002_WebDevelopmentPage.languageSelect()[pri:3, instance:testCases.TC004_BusinessCoursera@478190fc]" name="languageSelect" class="testCases.TC002_WebDevelopmentPage"/>
        <method signature="TC002_WebDevelopmentPage.Result()[pri:4, instance:testCases.TC004_BusinessCoursera@478190fc]" name="Result" class="testCases.TC002_WebDevelopmentPage"/>
        <method signature="TC002_WebDevelopmentPage.deatilsFirstCard()[pri:6, instance:testCases.TC004_BusinessCoursera@478190fc]" name="deatilsFirstCard" class="testCases.TC002_WebDevelopmentPage"/>
        <method signature="TC002_WebDevelopmentPage.Headings()[pri:7, instance:testCases.TC004_BusinessCoursera@478190fc]" name="Headings" class="testCases.TC002_WebDevelopmentPage"/>
        <method signature="TC001_SearchHomePage.Search2()[pri:8, instance:testCases.TC004_BusinessCoursera@478190fc]" name="Search2" class="testCases.TC001_SearchHomePage"/>
        <method signature="TC003_LanguageLearning.displayLevels()[pri:9, instance:testCases.TC004_BusinessCoursera@478190fc]" name="displayLevels" class="testCases.TC003_LanguageLearning"/>
        <method signature="TC003_LanguageLearning.displayLanguages()[pri:10, instance:testCases.TC004_BusinessCoursera@478190fc]" name="displayLanguages" class="testCases.TC003_LanguageLearning"/>
        <method signature="TC001_SearchHomePage.ThirdtimeHomepage()[pri:11, instance:testCases.TC004_BusinessCoursera@478190fc]" name="ThirdtimeHomepage" class="testCases.TC001_SearchHomePage"/>
        <method signature="TC004_BusinessCoursera.clickSolution()[pri:12, instance:testCases.TC004_BusinessCoursera@478190fc]" name="clickSolution" class="testCases.TC004_BusinessCoursera"/>
        <method signature="TC004_BusinessCoursera.clickContactUs()[pri:13, instance:testCases.TC004_BusinessCoursera@478190fc]" name="clickContactUs" class="testCases.TC004_BusinessCoursera"/>
        <method signature="TC004_BusinessCoursera.details()[pri:14, instance:testCases.TC004_BusinessCoursera@478190fc]" name="details" class="testCases.TC004_BusinessCoursera"/>
      </group> <!-- regression -->
      <group name="sanity">
        <method signature="TC001_SearchHomePage.searchHomePage()[pri:1, instance:testCases.TC004_BusinessCoursera@478190fc]" name="searchHomePage" class="testCases.TC001_SearchHomePage"/>
      </group> <!-- sanity -->
      <group name="master">
        <method signature="TC001_SearchHomePage.searchHomePage()[pri:1, instance:testCases.TC004_BusinessCoursera@478190fc]" name="searchHomePage" class="testCases.TC001_SearchHomePage"/>
        <method signature="TC002_WebDevelopmentPage.levelSelector()[pri:2, instance:testCases.TC004_BusinessCoursera@478190fc]" name="levelSelector" class="testCases.TC002_WebDevelopmentPage"/>
        <method signature="TC002_WebDevelopmentPage.languageSelect()[pri:3, instance:testCases.TC004_BusinessCoursera@478190fc]" name="languageSelect" class="testCases.TC002_WebDevelopmentPage"/>
        <method signature="TC002_WebDevelopmentPage.Result()[pri:4, instance:testCases.TC004_BusinessCoursera@478190fc]" name="Result" class="testCases.TC002_WebDevelopmentPage"/>
        <method signature="TC002_WebDevelopmentPage.deatilsFirstCard()[pri:6, instance:testCases.TC004_BusinessCoursera@478190fc]" name="deatilsFirstCard" class="testCases.TC002_WebDevelopmentPage"/>
        <method signature="TC002_WebDevelopmentPage.Headings()[pri:7, instance:testCases.TC004_BusinessCoursera@478190fc]" name="Headings" class="testCases.TC002_WebDevelopmentPage"/>
        <method signature="TC001_SearchHomePage.Search2()[pri:8, instance:testCases.TC004_BusinessCoursera@478190fc]" name="Search2" class="testCases.TC001_SearchHomePage"/>
        <method signature="TC003_LanguageLearning.displayLevels()[pri:9, instance:testCases.TC004_BusinessCoursera@478190fc]" name="displayLevels" class="testCases.TC003_LanguageLearning"/>
        <method signature="TC003_LanguageLearning.displayLanguages()[pri:10, instance:testCases.TC004_BusinessCoursera@478190fc]" name="displayLanguages" class="testCases.TC003_LanguageLearning"/>
        <method signature="TC001_SearchHomePage.ThirdtimeHomepage()[pri:11, instance:testCases.TC004_BusinessCoursera@478190fc]" name="ThirdtimeHomepage" class="testCases.TC001_SearchHomePage"/>
        <method signature="TC004_BusinessCoursera.clickSolution()[pri:12, instance:testCases.TC004_BusinessCoursera@478190fc]" name="clickSolution" class="testCases.TC004_BusinessCoursera"/>
        <method signature="TC004_BusinessCoursera.clickContactUs()[pri:13, instance:testCases.TC004_BusinessCoursera@478190fc]" name="clickContactUs" class="testCases.TC004_BusinessCoursera"/>
        <method signature="TC004_BusinessCoursera.details()[pri:14, instance:testCases.TC004_BusinessCoursera@478190fc]" name="details" class="testCases.TC004_BusinessCoursera"/>
      </group> <!-- master -->
    </groups>
    <test started-at="2024-02-27T22:24:12 IST" name="Test" finished-at="2024-02-27T22:26:17 IST" duration-ms="125747">
      <class name="testCases.TC004_BusinessCoursera">
        <test-method is-config="true" signature="setup(java.lang.String,java.lang.String)[pri:0, instance:testCases.TC004_BusinessCoursera@478190fc]" started-at="2024-02-27T22:24:12 IST" name="setup" finished-at="2024-02-27T22:24:32 IST" duration-ms="19751" status="PASS">
          <params>
            <param index="0">
              <value>
                <![CDATA[windows]]>
              </value>
            </param>
            <param index="1">
              <value>
                <![CDATA[chrome]]>
              </value>
            </param>
          </params>
          <reporter-output>
          </reporter-output>
        </test-method> <!-- setup -->
        <test-method signature="searchHomePage()[pri:1, instance:testCases.TC004_BusinessCoursera@478190fc]" started-at="2024-02-27T22:24:32 IST" name="searchHomePage" finished-at="2024-02-27T22:24:41 IST" duration-ms="9226" status="PASS">
          <reporter-output>
          </reporter-output>
        </test-method> <!-- searchHomePage -->
        <test-method signature="levelSelector()[pri:2, instance:testCases.TC004_BusinessCoursera@478190fc]" started-at="2024-02-27T22:24:41 IST" name="levelSelector" finished-at="2024-02-27T22:24:44 IST" duration-ms="3354" status="PASS">
          <reporter-output>
          </reporter-output>
        </test-method> <!-- levelSelector -->
        <test-method signature="languageSelect()[pri:3, instance:testCases.TC004_BusinessCoursera@478190fc]" started-at="2024-02-27T22:24:45 IST" name="languageSelect" finished-at="2024-02-27T22:24:52 IST" duration-ms="7377" status="PASS">
          <reporter-output>
          </reporter-output>
        </test-method> <!-- languageSelect -->
        <test-method signature="Result()[pri:4, instance:testCases.TC004_BusinessCoursera@478190fc]" started-at="2024-02-27T22:24:52 IST" name="Result" finished-at="2024-02-27T22:24:54 IST" duration-ms="2061" status="PASS">
          <reporter-output>
          </reporter-output>
        </test-method> <!-- Result -->
        <test-method signature="deatilsFirstCard()[pri:6, instance:testCases.TC004_BusinessCoursera@478190fc]" started-at="2024-02-27T22:24:55 IST" name="deatilsFirstCard" finished-at="2024-02-27T22:24:56 IST" duration-ms="1691" status="PASS">
          <reporter-output>
          </reporter-output>
        </test-method> <!-- deatilsFirstCard -->
        <test-method signature="Headings()[pri:7, instance:testCases.TC004_BusinessCoursera@478190fc]" started-at="2024-02-27T22:24:56 IST" name="Headings" finished-at="2024-02-27T22:25:04 IST" duration-ms="7086" status="PASS">
          <reporter-output>
          </reporter-output>
        </test-method> <!-- Headings -->
        <test-method signature="Search2()[pri:8, instance:testCases.TC004_BusinessCoursera@478190fc]" started-at="2024-02-27T22:25:04 IST" name="Search2" finished-at="2024-02-27T22:25:12 IST" duration-ms="8427" status="PASS">
          <reporter-output>
          </reporter-output>
        </test-method> <!-- Search2 -->
        <test-method signature="displayLevels()[pri:9, instance:testCases.TC004_BusinessCoursera@478190fc]" started-at="2024-02-27T22:25:12 IST" name="displayLevels" finished-at="2024-02-27T22:25:13 IST" duration-ms="279" status="PASS">
          <reporter-output>
          </reporter-output>
        </test-method> <!-- displayLevels -->
        <test-method signature="displayLanguages()[pri:10, instance:testCases.TC004_BusinessCoursera@478190fc]" started-at="2024-02-27T22:25:13 IST" name="displayLanguages" finished-at="2024-02-27T22:25:22 IST" duration-ms="9177" status="PASS">
          <reporter-output>
          </reporter-output>
        </test-method> <!-- displayLanguages -->
        <test-method signature="ThirdtimeHomepage()[pri:11, instance:testCases.TC004_BusinessCoursera@478190fc]" started-at="2024-02-27T22:25:22 IST" name="ThirdtimeHomepage" finished-at="2024-02-27T22:25:48 IST" duration-ms="26081" status="PASS">
          <reporter-output>
          </reporter-output>
        </test-method> <!-- ThirdtimeHomepage -->
        <test-method signature="clickSolution()[pri:12, instance:testCases.TC004_BusinessCoursera@478190fc]" started-at="2024-02-27T22:25:49 IST" name="clickSolution" finished-at="2024-02-27T22:25:56 IST" duration-ms="7279" status="PASS">
          <reporter-output>
          </reporter-output>
        </test-method> <!-- clickSolution -->
        <test-method signature="clickContactUs()[pri:13, instance:testCases.TC004_BusinessCoursera@478190fc]" started-at="2024-02-27T22:25:56 IST" name="clickContactUs" finished-at="2024-02-27T22:26:02 IST" duration-ms="5511" status="PASS">
          <reporter-output>
          </reporter-output>
        </test-method> <!-- clickContactUs -->
        <test-method signature="details()[pri:14, instance:testCases.TC004_BusinessCoursera@478190fc]" started-at="2024-02-27T22:26:02 IST" name="details" finished-at="2024-02-27T22:26:16 IST" duration-ms="14177" status="PASS">
          <reporter-output>
          </reporter-output>
        </test-method> <!-- details -->
        <test-method is-config="true" signature="tearDown()[pri:0, instance:testCases.TC004_BusinessCoursera@478190fc]" started-at="2024-02-27T22:26:16 IST" name="tearDown" finished-at="2024-02-27T22:26:17 IST" duration-ms="1206" status="PASS">
          <reporter-output>
          </reporter-output>
        </test-method> <!-- tearDown -->
      </class> <!-- testCases.TC004_BusinessCoursera -->
    </test> <!-- Test -->
  </suite> <!-- Suite -->
</testng-results>
